{
  "stats": {
    "suites": 1,
    "tests": 1,
    "passes": 0,
    "pending": 0,
    "failures": 1,
    "start": "2023-08-23T05:36:19.631Z",
    "end": "2023-08-23T05:36:26.338Z",
    "duration": 6707,
    "testsRegistered": 1,
    "passPercent": 0,
    "pendingPercent": 0,
    "other": 0,
    "hasOther": false,
    "skipped": 0,
    "hasSkipped": false
  },
  "results": [
    {
      "uuid": "fa2093fb-8849-4089-bd8e-1372694efc1b",
      "title": "",
      "fullFile": "cypress\\e2e\\MEC_Integration\\my_orders_waybill.cy.js",
      "file": "cypress\\e2e\\MEC_Integration\\my_orders_waybill.cy.js",
      "beforeHooks": [],
      "afterHooks": [],
      "tests": [],
      "suites": [
        {
          "uuid": "292ebe26-3c7a-480d-aa4f-a5fb2e05304c",
          "title": "MEC Integration - My Orders Waybill Page Test Suite",
          "fullFile": "",
          "file": "",
          "beforeHooks": [],
          "afterHooks": [],
          "tests": [
            {
              "title": "MECIT#26",
              "fullTitle": "MEC Integration - My Orders Waybill Page Test Suite MECIT#26",
              "timedOut": null,
              "duration": 5902,
              "state": "failed",
              "speed": null,
              "pass": false,
              "fail": true,
              "pending": false,
              "context": null,
              "code": "",
              "err": {
                "message": "TypeError: elements.input_email_username is not a function\n\nBecause this error occurred during a `before each` hook we are skipping the remaining tests in the current suite: `MEC Integration - My Orders...`",
                "estack": "TypeError: elements.input_email_username is not a function\n\nBecause this error occurred during a `before each` hook we are skipping the remaining tests in the current suite: `MEC Integration - My Orders...`\n    at Context.eval (webpack:///./cypress/e2e/MEC_Integration/my_orders_waybill.cy.js:9:17)",
                "diff": null
              },
              "uuid": "29673a05-c247-4600-9412-974a940f58dc",
              "parentUUID": "292ebe26-3c7a-480d-aa4f-a5fb2e05304c",
              "isHook": false,
              "skipped": false
            }
          ],
          "suites": [],
          "passes": [],
          "failures": [
            "29673a05-c247-4600-9412-974a940f58dc"
          ],
          "pending": [],
          "skipped": [],
          "duration": 5902,
          "root": false,
          "rootEmpty": false,
          "_timeout": 2000
        }
      ],
      "passes": [],
      "failures": [],
      "pending": [],
      "skipped": [],
      "duration": 0,
      "root": true,
      "rootEmpty": true,
      "_timeout": 2000
    }
  ],
  "meta": {
    "mocha": {
      "version": "7.0.1"
    },
    "mochawesome": {
      "options": {
        "quiet": false,
        "reportFilename": "mochawesome",
        "saveHtml": true,
        "saveJson": true,
        "consoleReporter": "spec",
        "useInlineDiffs": false,
        "code": true
      },
      "version": "7.1.3"
    },
    "marge": {
      "options": {
        "reportDir": "cypress/reports/mochawesome",
        "overwrite": false,
        "html": true,
        "json": true
      },
      "version": "6.2.0"
    }
  }
}