{
  "stats": {
    "suites": 1,
    "tests": 10,
    "passes": 10,
    "pending": 0,
    "failures": 0,
    "start": "2023-08-23T05:28:19.660Z",
    "end": "2023-08-23T05:28:59.672Z",
    "duration": 40012,
    "testsRegistered": 10,
    "passPercent": 100,
    "pendingPercent": 0,
    "other": 0,
    "hasOther": false,
    "skipped": 0,
    "hasSkipped": false
  },
  "results": [
    {
      "uuid": "847832a8-2058-429f-a342-416086b4ef68",
      "title": "",
      "fullFile": "cypress\\e2e\\login_and_forgot_password.cy.js",
      "file": "cypress\\e2e\\login_and_forgot_password.cy.js",
      "beforeHooks": [],
      "afterHooks": [],
      "tests": [],
      "suites": [
        {
          "uuid": "ee63a413-fb74-4bec-8f22-9e28f7d8f545",
          "title": "Login and Forgot Password Page Test Suite",
          "fullFile": "",
          "file": "",
          "beforeHooks": [],
          "afterHooks": [],
          "tests": [
            {
              "title": "SIFP#01 - should be verify that the following fields and buttons are present on the login page.",
              "fullTitle": "Login and Forgot Password Page Test Suite SIFP#01 - should be verify that the following fields and buttons are present on the login page.",
              "timedOut": null,
              "duration": 5425,
              "state": "passed",
              "speed": "medium",
              "pass": true,
              "fail": false,
              "pending": false,
              "context": null,
              "code": "_LoginPage.default.verifyLoginFields();",
              "err": {},
              "uuid": "1ab5d073-d277-4262-814b-524a6eed2190",
              "parentUUID": "ee63a413-fb74-4bec-8f22-9e28f7d8f545",
              "isHook": false,
              "skipped": false
            },
            {
              "title": "SIFP#02 - should be verify that the login page requires a username and password.",
              "fullTitle": "Login and Forgot Password Page Test Suite SIFP#02 - should be verify that the login page requires a username and password.",
              "timedOut": null,
              "duration": 3253,
              "state": "passed",
              "speed": "fast",
              "pass": true,
              "fail": false,
              "pending": false,
              "context": null,
              "code": "_LoginPage.default.verifyRequiresUsernamePassword();",
              "err": {},
              "uuid": "de6f78b4-bbff-4aa2-bb99-a88001d94ecd",
              "parentUUID": "ee63a413-fb74-4bec-8f22-9e28f7d8f545",
              "isHook": false,
              "skipped": false
            },
            {
              "title": "SIFP#07 - should be verify that the Email or Username field page prompts the user when the user let the field empty",
              "fullTitle": "Login and Forgot Password Page Test Suite SIFP#07 - should be verify that the Email or Username field page prompts the user when the user let the field empty",
              "timedOut": null,
              "duration": 2788,
              "state": "passed",
              "speed": "fast",
              "pass": true,
              "fail": false,
              "pending": false,
              "context": null,
              "code": "_LoginPage.default.empty_email();",
              "err": {},
              "uuid": "6735643a-c815-4db9-b0a4-ac9de1dd512a",
              "parentUUID": "ee63a413-fb74-4bec-8f22-9e28f7d8f545",
              "isHook": false,
              "skipped": false
            },
            {
              "title": "SIFP#08 - should be verify that the login page accepts valid usernames and password.",
              "fullTitle": "Login and Forgot Password Page Test Suite SIFP#08 - should be verify that the login page accepts valid usernames and password.",
              "timedOut": null,
              "duration": 7147,
              "state": "passed",
              "speed": "medium",
              "pass": true,
              "fail": false,
              "pending": false,
              "context": null,
              "code": "_LoginPage.default.valid_username_password();",
              "err": {},
              "uuid": "6fb62624-07ca-452a-9c44-8ca977beb377",
              "parentUUID": "ee63a413-fb74-4bec-8f22-9e28f7d8f545",
              "isHook": false,
              "skipped": false
            },
            {
              "title": "SIFP#09 - should be verify that the login page rejects invalid usernames.",
              "fullTitle": "Login and Forgot Password Page Test Suite SIFP#09 - should be verify that the login page rejects invalid usernames.",
              "timedOut": null,
              "duration": 5393,
              "state": "passed",
              "speed": "medium",
              "pass": true,
              "fail": false,
              "pending": false,
              "context": null,
              "code": "_LoginPage.default.invalid_usernames();",
              "err": {},
              "uuid": "fedbc702-4056-4314-91a8-6d4f8644e702",
              "parentUUID": "ee63a413-fb74-4bec-8f22-9e28f7d8f545",
              "isHook": false,
              "skipped": false
            },
            {
              "title": "SIFP#12 - should be verify that the password field page prompts the user when the user let the field empty",
              "fullTitle": "Login and Forgot Password Page Test Suite SIFP#12 - should be verify that the password field page prompts the user when the user let the field empty",
              "timedOut": null,
              "duration": 3298,
              "state": "passed",
              "speed": "fast",
              "pass": true,
              "fail": false,
              "pending": false,
              "context": null,
              "code": "_LoginPage.default.empty_password();",
              "err": {},
              "uuid": "06acf842-683e-4b67-b843-a067ada0a5be",
              "parentUUID": "ee63a413-fb74-4bec-8f22-9e28f7d8f545",
              "isHook": false,
              "skipped": false
            },
            {
              "title": "SIFP#14 - should be verify that the login page rejects invalid password.",
              "fullTitle": "Login and Forgot Password Page Test Suite SIFP#14 - should be verify that the login page rejects invalid password.",
              "timedOut": null,
              "duration": 3158,
              "state": "passed",
              "speed": "fast",
              "pass": true,
              "fail": false,
              "pending": false,
              "context": null,
              "code": "_LoginPage.default.invalid_password();",
              "err": {},
              "uuid": "f503a07c-5a82-47fe-a661-54e5b0d151a0",
              "parentUUID": "ee63a413-fb74-4bec-8f22-9e28f7d8f545",
              "isHook": false,
              "skipped": false
            },
            {
              "title": "SIFP#15 - should be verify that the login page remembers the username or email and password for the next login.",
              "fullTitle": "Login and Forgot Password Page Test Suite SIFP#15 - should be verify that the login page remembers the username or email and password for the next login.",
              "timedOut": null,
              "duration": 4358,
              "state": "passed",
              "speed": "fast",
              "pass": true,
              "fail": false,
              "pending": false,
              "context": null,
              "code": "_LoginPage.default.valid_creds_with_remember_login();",
              "err": {},
              "uuid": "cb3901ab-3205-4293-ad37-f7ceedddc610",
              "parentUUID": "ee63a413-fb74-4bec-8f22-9e28f7d8f545",
              "isHook": false,
              "skipped": false
            },
            {
              "title": "SIFP#17 - should be verify that the Sign in button is disabled when the user has not filled the email and password field yet",
              "fullTitle": "Login and Forgot Password Page Test Suite SIFP#17 - should be verify that the Sign in button is disabled when the user has not filled the email and password field yet",
              "timedOut": null,
              "duration": 2446,
              "state": "passed",
              "speed": "fast",
              "pass": true,
              "fail": false,
              "pending": false,
              "context": null,
              "code": "_LoginPage.default.loginButton();",
              "err": {},
              "uuid": "ff0f78cf-44f8-4138-bc5d-7405f3a30305",
              "parentUUID": "ee63a413-fb74-4bec-8f22-9e28f7d8f545",
              "isHook": false,
              "skipped": false
            },
            {
              "title": "SIFP#18 - should be verify that the sign-in button is disabled when 1 field only is fill-out",
              "fullTitle": "Login and Forgot Password Page Test Suite SIFP#18 - should be verify that the sign-in button is disabled when 1 field only is fill-out",
              "timedOut": null,
              "duration": 1746,
              "state": "passed",
              "speed": "fast",
              "pass": true,
              "fail": false,
              "pending": false,
              "context": null,
              "code": "_LoginPage.default.disable_login_button();",
              "err": {},
              "uuid": "53e4890a-caf6-44e7-9b3d-250021fed323",
              "parentUUID": "ee63a413-fb74-4bec-8f22-9e28f7d8f545",
              "isHook": false,
              "skipped": false
            }
          ],
          "suites": [],
          "passes": [
            "1ab5d073-d277-4262-814b-524a6eed2190",
            "de6f78b4-bbff-4aa2-bb99-a88001d94ecd",
            "6735643a-c815-4db9-b0a4-ac9de1dd512a",
            "6fb62624-07ca-452a-9c44-8ca977beb377",
            "fedbc702-4056-4314-91a8-6d4f8644e702",
            "06acf842-683e-4b67-b843-a067ada0a5be",
            "f503a07c-5a82-47fe-a661-54e5b0d151a0",
            "cb3901ab-3205-4293-ad37-f7ceedddc610",
            "ff0f78cf-44f8-4138-bc5d-7405f3a30305",
            "53e4890a-caf6-44e7-9b3d-250021fed323"
          ],
          "failures": [],
          "pending": [],
          "skipped": [],
          "duration": 39012,
          "root": false,
          "rootEmpty": false,
          "_timeout": 2000
        }
      ],
      "passes": [],
      "failures": [],
      "pending": [],
      "skipped": [],
      "duration": 0,
      "root": true,
      "rootEmpty": true,
      "_timeout": 2000
    }
  ],
  "meta": {
    "mocha": {
      "version": "7.0.1"
    },
    "mochawesome": {
      "options": {
        "quiet": false,
        "reportFilename": "mochawesome",
        "saveHtml": true,
        "saveJson": true,
        "consoleReporter": "spec",
        "useInlineDiffs": false,
        "code": true
      },
      "version": "7.1.3"
    },
    "marge": {
      "options": {
        "reportDir": "cypress/reports/mochawesome",
        "overwrite": false,
        "html": true,
        "json": true
      },
      "version": "6.2.0"
    }
  }
}